[  0%] Built target std_msgs_generate_messages_py
[  0%] Built target geometry_msgs_generate_messages_py
[  0%] Built target nav_msgs_generate_messages_py
[  0%] Built target _mav_msgs_generate_messages_check_deps_AttitudeThrust
[  0%] Built target _mav_msgs_generate_messages_check_deps_RateThrust
[  0%] Built target _mav_msgs_generate_messages_check_deps_RollPitchYawrateThrust
[  0%] Built target _mav_msgs_generate_messages_check_deps_FilteredSensorData
[  0%] Built target _mav_msgs_generate_messages_check_deps_Status
[  0%] Built target _mav_msgs_generate_messages_check_deps_TorqueThrust
[  0%] Built target geometry_msgs_generate_messages_cpp
[  0%] Built target std_msgs_generate_messages_cpp
[  0%] Built target geometry_msgs_generate_messages_eus
[  0%] Built target std_msgs_generate_messages_eus
[  0%] Built target nav_msgs_generate_messages_eus
[  0%] Built target _mav_msgs_generate_messages_check_deps_GpsWaypoint
[  0%] Built target std_msgs_generate_messages_lisp
[  0%] Built target geometry_msgs_generate_messages_lisp
[  0%] Built target nav_msgs_generate_messages_cpp
[  0%] Built target geometry_msgs_generate_messages_nodejs
[  0%] Built target std_msgs_generate_messages_nodejs
[  0%] Built target _mav_msgs_generate_messages_check_deps_Actuators
[  0%] Built target nav_msgs_generate_messages_nodejs
[  0%] Built target nav_msgs_generate_messages_lisp
[ 21%] Built target mav_msgs_generate_messages_py
[ 61%] Built target mav_msgs_generate_messages_eus
[ 61%] Built target mav_msgs_generate_messages_nodejs
[ 80%] Built target mav_msgs_generate_messages_cpp
[100%] Built target mav_msgs_generate_messages_lisp
[100%] Built target mav_msgs_generate_messages
