[  0%] Built target std_msgs_generate_messages_py
[  0%] Built target roscpp_generate_messages_py
[  0%] Built target mav_msgs_generate_messages_py
[  0%] Built target geometry_msgs_generate_messages_py
[  0%] Built target mavros_msgs_generate_messages_py
[  0%] Built target nav_msgs_generate_messages_py
[  0%] Built target _mav_utils_msgs_generate_messages_check_deps_BBPose
[  0%] Built target _mav_utils_msgs_generate_messages_check_deps_RouterInfo
[  0%] Built target _mav_utils_msgs_generate_messages_check_deps_BBPoses
[  0%] Built target _mav_utils_msgs_generate_messages_check_deps_BBox
[  0%] Built target std_msgs_generate_messages_cpp
[  0%] Built target _mav_utils_msgs_generate_messages_check_deps_signal
[  0%] Built target _mav_utils_msgs_generate_messages_check_deps_BBoxes
[  0%] Built target mav_msgs_generate_messages_cpp
[  0%] Built target _mav_utils_msgs_generate_messages_check_deps_TaskInfo
[  0%] Built target roscpp_generate_messages_cpp
[  0%] Built target _mav_utils_msgs_generate_messages_check_deps_RouterData
[  0%] Built target geometry_msgs_generate_messages_cpp
[  0%] Built target roscpp_generate_messages_eus
[  0%] Built target std_msgs_generate_messages_eus
[  0%] Built target mavros_msgs_generate_messages_cpp
[  0%] Built target roscpp_generate_messages_lisp
[  0%] Built target nav_msgs_generate_messages_eus
[  0%] Built target mavros_msgs_generate_messages_eus
[  0%] Built target nav_msgs_generate_messages_cpp
[  0%] Built target geometry_msgs_generate_messages_eus
[  0%] Built target mav_msgs_generate_messages_eus
[  0%] Built target std_msgs_generate_messages_lisp
[  0%] Built target geometry_msgs_generate_messages_lisp
[  0%] Built target mav_msgs_generate_messages_lisp
[  0%] Built target nav_msgs_generate_messages_lisp
[  0%] Built target std_msgs_generate_messages_nodejs
[  0%] Built target nav_msgs_generate_messages_nodejs
[  0%] Built target mav_msgs_generate_messages_nodejs
[  0%] Built target mavros_msgs_generate_messages_lisp
[  0%] Built target roscpp_generate_messages_nodejs
[  0%] Built target mavros_msgs_generate_messages_nodejs
[  0%] Built target _mav_utils_msgs_generate_messages_check_deps_UTMPose
[  0%] Built target geometry_msgs_generate_messages_nodejs
[ 18%] Built target mav_utils_msgs_generate_messages_cpp
[ 37%] Built target mav_utils_msgs_generate_messages_nodejs
[ 58%] Built target mav_utils_msgs_generate_messages_eus
[ 81%] Built target mav_utils_msgs_generate_messages_py
[100%] Built target mav_utils_msgs_generate_messages_lisp
[100%] Built target mav_utils_msgs_generate_messages
