[  0%] Built target geometry_msgs_generate_messages_py
[  0%] Built target std_msgs_generate_messages_py
[  0%] Built target mav_msgs_generate_messages_py
[  0%] Built target sensor_msgs_generate_messages_py
[  0%] Built target trajectory_msgs_generate_messages_py
[  0%] Built target _mav_planning_msgs_generate_messages_check_deps_Point2D
[  0%] Built target _mav_planning_msgs_generate_messages_check_deps_ChangeNameService
[  0%] Built target _mav_planning_msgs_generate_messages_check_deps_PolygonWithHoles
[  0%] Built target _mav_planning_msgs_generate_messages_check_deps_PointCloudWithPose
[  0%] Built target geometry_msgs_generate_messages_cpp
[  0%] Built target _mav_planning_msgs_generate_messages_check_deps_Polygon2D
[  0%] Built target sensor_msgs_generate_messages_cpp
[  0%] Built target std_msgs_generate_messages_cpp
[  0%] Built target mav_msgs_generate_messages_cpp
[  0%] Built target _mav_planning_msgs_generate_messages_check_deps_PolygonWithHolesStamped
[  0%] Built target _mav_planning_msgs_generate_messages_check_deps_PolynomialTrajectory
[  0%] Built target _mav_planning_msgs_generate_messages_check_deps_PolynomialSegment4D
[  0%] Built target trajectory_msgs_generate_messages_cpp
[  0%] Built target _mav_planning_msgs_generate_messages_check_deps_PolygonService
[  0%] Built target _mav_planning_msgs_generate_messages_check_deps_PlannerService
[  0%] Built target geometry_msgs_generate_messages_eus
[  0%] Built target _mav_planning_msgs_generate_messages_check_deps_PolynomialTrajectory4D
[  0%] Built target _mav_planning_msgs_generate_messages_check_deps_PolynomialSegment
[  0%] Built target std_msgs_generate_messages_eus
[  0%] Built target trajectory_msgs_generate_messages_eus
[  0%] Built target geometry_msgs_generate_messages_lisp
[  0%] Built target sensor_msgs_generate_messages_lisp
[  0%] Built target std_msgs_generate_messages_lisp
[  0%] Built target sensor_msgs_generate_messages_eus
[  0%] Built target mav_msgs_generate_messages_lisp
[  0%] Built target mav_msgs_generate_messages_eus
[  0%] Built target trajectory_msgs_generate_messages_lisp
[  0%] Built target std_msgs_generate_messages_nodejs
[  0%] Built target geometry_msgs_generate_messages_nodejs
[  0%] Built target sensor_msgs_generate_messages_nodejs
[  0%] Built target trajectory_msgs_generate_messages_nodejs
[  0%] Built target mav_msgs_generate_messages_nodejs
[ 22%] Built target mav_planning_msgs_generate_messages_py
[ 44%] Built target mav_planning_msgs_generate_messages_eus
[ 61%] Built target mav_planning_msgs_generate_messages_cpp
[ 80%] Built target mav_planning_msgs_generate_messages_nodejs
[100%] Built target mav_planning_msgs_generate_messages_lisp
[100%] Built target mav_planning_msgs_generate_messages
