[  0%] Built target roscpp_generate_messages_cpp
[  0%] Built target roscpp_generate_messages_nodejs
[  0%] Built target roscpp_generate_messages_lisp
[  0%] Built target rosgraph_msgs_generate_messages_eus
[  0%] Built target rosgraph_msgs_generate_messages_lisp
[  0%] Built target rosgraph_msgs_generate_messages_py
[  0%] Built target uuid_msgs_generate_messages_py
[  0%] Built target rosgraph_msgs_generate_messages_cpp
[  0%] Built target roscpp_generate_messages_py
[  0%] Built target std_msgs_generate_messages_cpp
[  0%] Built target std_msgs_generate_messages_eus
[  0%] Built target rosgraph_msgs_generate_messages_nodejs
[  0%] Built target std_msgs_generate_messages_lisp
[  0%] Built target std_msgs_generate_messages_nodejs
[  0%] Built target std_msgs_generate_messages_py
[  0%] Built target sensor_msgs_generate_messages_cpp
[  0%] Built target roscpp_generate_messages_eus
[  0%] Built target sensor_msgs_generate_messages_eus
[  0%] Built target sensor_msgs_generate_messages_lisp
[  0%] Built target sensor_msgs_generate_messages_py
[  0%] Built target nav_msgs_generate_messages_lisp
[  0%] Built target geometry_msgs_generate_messages_cpp
[  0%] Built target geometry_msgs_generate_messages_nodejs
[  0%] Built target geometry_msgs_generate_messages_py
[  0%] Built target geometry_msgs_generate_messages_lisp
[  0%] Built target nav_msgs_generate_messages_eus
[  0%] Built target nav_msgs_generate_messages_cpp
[  0%] Built target geometry_msgs_generate_messages_eus
[  0%] Built target sensor_msgs_generate_messages_nodejs
[  0%] Built target actionlib_msgs_generate_messages_lisp
[  0%] Built target nav_msgs_generate_messages_py
[  0%] Built target actionlib_msgs_generate_messages_eus
[  0%] Built target actionlib_msgs_generate_messages_nodejs
[  0%] Built target actionlib_msgs_generate_messages_cpp
[  0%] Built target nav_msgs_generate_messages_nodejs
[  0%] Built target actionlib_msgs_generate_messages_py
[  0%] Built target tf_generate_messages_eus
[  0%] Built target tf_generate_messages_cpp
[  0%] Built target tf_generate_messages_lisp
[  0%] Built target actionlib_generate_messages_cpp
[  0%] Built target tf_generate_messages_py
[  0%] Built target actionlib_generate_messages_eus
[  0%] Built target actionlib_generate_messages_lisp
[  0%] Built target actionlib_generate_messages_nodejs
[  0%] Built target tf_generate_messages_nodejs
[  0%] Built target actionlib_generate_messages_py
[  0%] Built target tf2_msgs_generate_messages_cpp
[  0%] Built target tf2_msgs_generate_messages_eus
[  0%] Built target tf2_msgs_generate_messages_lisp
[  0%] Built target tf2_msgs_generate_messages_py
[  0%] Built target mav_utils_msgs_generate_messages_cpp
[  0%] Built target mav_utils_msgs_generate_messages_eus
[  0%] Built target tf2_msgs_generate_messages_nodejs
[  0%] Built target mav_utils_msgs_generate_messages_lisp
[  0%] Built target mav_utils_msgs_generate_messages_nodejs
[  0%] Built target mav_utils_msgs_generate_messages_py
[  0%] Built target mav_msgs_generate_messages_cpp
[  0%] Built target mav_msgs_generate_messages_eus
[  0%] Built target mav_msgs_generate_messages_py
[  0%] Built target mav_msgs_generate_messages_lisp
[  0%] Built target trajectory_msgs_generate_messages_lisp
[  0%] Built target trajectory_msgs_generate_messages_eus
[  0%] Built target mav_msgs_generate_messages_nodejs
[  0%] Built target trajectory_msgs_generate_messages_cpp
[  0%] Built target trajectory_msgs_generate_messages_py
[  0%] Built target trajectory_msgs_generate_messages_nodejs
[  0%] Built target mavros_msgs_generate_messages_lisp
[  0%] Built target mavros_msgs_generate_messages_eus
[  0%] Built target mavros_msgs_generate_messages_cpp
[  0%] Built target mavros_msgs_generate_messages_py
[  0%] Built target geographic_msgs_generate_messages_cpp
[  0%] Built target geographic_msgs_generate_messages_lisp
[  0%] Built target geographic_msgs_generate_messages_nodejs
[  0%] Built target geographic_msgs_generate_messages_eus
[  0%] Built target mavros_msgs_generate_messages_nodejs
[  0%] Built target uuid_msgs_generate_messages_cpp
[  0%] Built target uuid_msgs_generate_messages_eus
[  0%] Built target geographic_msgs_generate_messages_py
[  0%] Built target uuid_msgs_generate_messages_lisp
[  0%] Built target uuid_msgs_generate_messages_nodejs
[ 50%] [32mBuilding CXX object CMakeFiles/hdetect.dir/src/hdetect.cpp.o[0m
In file included from /home/shubh/catkin_ws/src/helipad_det/src/hdetect.cpp:2:
/home/shubh/catkin_ws/src/helipad_det/include/helipad_det/signature_processing.h: In function ‘int loc(int, int)’:
/home/shubh/catkin_ws/src/helipad_det/include/helipad_det/signature_processing.h:257:1: warning: control reaches end of non-void function [-Wreturn-type]
  257 | }
      | ^
[100%] [32m[1mLinking CXX executable /home/shubh/catkin_ws/devel/.private/helipad_det/lib/helipad_det/hdetect[0m
[100%] Built target hdetect
